<?xml version="1.0" encoding="UTF-8"?>
<!-- Generated by org.testng.reporters.JUnitReportReporter -->
<testsuite hostname="DESKTOP-3M3F4M9" failures="0" tests="6" name="api.test.DDTests" time="10.419" errors="0" timestamp="2024-03-20T19:10:14 IST" skipped="0">
  <testcase classname="api.test.DDTests" name="testPostUser" time="4.795"/>
  <system-out/>
  <testcase classname="api.test.DDTests" name="testPostUser" time="1.162"/>
  <system-out/>
  <testcase classname="api.test.DDTests" name="testPostUser" time="1.087"/>
  <system-out/>
  <testcase classname="api.test.DDTests" name="testDeleteUserByName" time="1.122"/>
  <system-out/>
  <testcase classname="api.test.DDTests" name="testDeleteUserByName" time="1.150"/>
  <system-out/>
  <testcase classname="api.test.DDTests" name="testDeleteUserByName" time="1.103"/>
  <system-out/>
</testsuite> <!-- api.test.DDTests -->
