<?xml version="1.0" encoding="UTF-8"?>
<!-- Generated by org.testng.reporters.JUnitReportReporter -->
<testsuite hostname="DESKTOP-3M3F4M9" failures="0" tests="4" name="api.test.UserTests2" time="11.559" errors="0" timestamp="2024-03-21T15:17:40 IST" skipped="0">
  <testcase classname="api.test.UserTests2" name="testPostUser" time="4.796"/>
  <system-out/>
  <testcase classname="api.test.UserTests2" name="testGetUserByName" time="1.604"/>
  <system-out/>
  <testcase classname="api.test.UserTests2" name="testUpdateUserByName" time="3.498"/>
  <system-out/>
  <testcase classname="api.test.UserTests2" name="testDeleteUserByName" time="1.661"/>
  <system-out/>
</testsuite> <!-- api.test.UserTests2 -->
