<?xml version="1.0" encoding="UTF-8"?>
<!-- Generated by org.testng.reporters.JUnitReportReporter -->
<testsuite hostname="DESKTOP-3M3F4M9" failures="0" tests="4" name="api.test.UserTests" time="12.143" errors="0" timestamp="2024-03-21T14:03:36 IST" skipped="0">
  <testcase classname="api.test.UserTests" name="testPostUser" time="4.905"/>
  <system-out/>
  <testcase classname="api.test.UserTests" name="testGetUserByName" time="1.855"/>
  <system-out/>
  <testcase classname="api.test.UserTests" name="testUpdateUserByName" time="3.638"/>
  <system-out/>
  <testcase classname="api.test.UserTests" name="testDeleteUserByName" time="1.745"/>
  <system-out/>
</testsuite> <!-- api.test.UserTests -->
