<?xml version="1.0" encoding="UTF-8"?>
<!-- Generated by org.testng.reporters.JUnitReportReporter -->
<testsuite hostname="DESKTOP-3M3F4M9" failures="0" tests="6" name="api.test.DDTests" time="14.616" errors="0" timestamp="2024-03-21T17:15:44 IST" skipped="0">
  <testcase classname="api.test.DDTests" name="testPostUser" time="1.820"/>
  <system-out/>
  <testcase classname="api.test.DDTests" name="testPostUser" time="1.859"/>
  <system-out/>
  <testcase classname="api.test.DDTests" name="testPostUser" time="5.592"/>
  <system-out/>
  <testcase classname="api.test.DDTests" name="testDeleteUserByName" time="1.888"/>
  <system-out/>
  <testcase classname="api.test.DDTests" name="testDeleteUserByName" time="1.736"/>
  <system-out/>
  <testcase classname="api.test.DDTests" name="testDeleteUserByName" time="1.721"/>
  <system-out/>
</testsuite> <!-- api.test.DDTests -->
