<?xml version="1.0" encoding="UTF-8"?>
<!-- Generated by org.testng.reporters.JUnitReportReporter -->
<testsuite hostname="DESKTOP-3M3F4M9" failures="0" tests="4" name="api.test.UserTests2" time="12.521" errors="0" timestamp="2024-03-22T17:57:54 IST" skipped="0">
  <testcase classname="api.test.UserTests2" name="testPostUser" time="6.136"/>
  <system-out/>
  <testcase classname="api.test.UserTests2" name="testGetUserByName" time="1.685"/>
  <system-out/>
  <testcase classname="api.test.UserTests2" name="testUpdateUserByName" time="3.194"/>
  <system-out/>
  <testcase classname="api.test.UserTests2" name="testDeleteUserByName" time="1.506"/>
  <system-out/>
</testsuite> <!-- api.test.UserTests2 -->
