<?xml version="1.0" encoding="UTF-8"?>
<!-- Generated by org.testng.reporters.JUnitReportReporter -->
<testsuite hostname="DESKTOP-3M3F4M9" failures="0" tests="4" name="api.test.UserTests" time="9.719" errors="0" timestamp="2024-03-21T17:15:44 IST" skipped="0">
  <testcase classname="api.test.UserTests" name="testPostUser" time="1.853"/>
  <system-out/>
  <testcase classname="api.test.UserTests" name="testGetUserByName" time="2.086"/>
  <system-out/>
  <testcase classname="api.test.UserTests" name="testUpdateUserByName" time="3.842"/>
  <system-out/>
  <testcase classname="api.test.UserTests" name="testDeleteUserByName" time="1.938"/>
  <system-out/>
</testsuite> <!-- api.test.UserTests -->
