<?xml version="1.0" encoding="UTF-8"?>
<!-- Generated by org.testng.reporters.JUnitReportReporter -->
<testsuite hostname="DESKTOP-3M3F4M9" failures="0" tests="4" name="api.test.UserTests2" time="11.687" errors="0" timestamp="2024-03-22T16:37:40 IST" skipped="0">
  <testcase classname="api.test.UserTests2" name="testPostUser" time="5.097"/>
  <system-out/>
  <testcase classname="api.test.UserTests2" name="testGetUserByName" time="1.526"/>
  <system-out/>
  <testcase classname="api.test.UserTests2" name="testUpdateUserByName" time="3.336"/>
  <system-out/>
  <testcase classname="api.test.UserTests2" name="testDeleteUserByName" time="1.728"/>
  <system-out/>
</testsuite> <!-- api.test.UserTests2 -->
